Wed Jan 22 10:45:55 CET 2025 INFO - io.jmix.flowui.devserver.startup.DevModeInitializer: Starting dev-mode updaters in C:\Users\utente\IdeaProjects\jmixprogettostudio\.jmix\screen-designer folder.
Wed Jan 22 10:45:55 CET 2025 INFO - com.vaadin.flow.server.frontend.scanner.FullDependenciesScanner: Visited 118 classes. Took 22 ms.
Wed Jan 22 10:45:55 CET 2025 INFO - io.jmix.flowui.devserver.frontend.NodeTasks: Executing task: TaskCopyRequiredFiles
Wed Jan 22 10:45:55 CET 2025 INFO - io.jmix.flowui.devserver.frontend.NodeTasks: Executing task: TaskGeneratePackageJson
Wed Jan 22 10:45:55 CET 2025 INFO - io.jmix.flowui.devserver.frontend.NodeTasks: Executing task: TaskGenerateIndexHtml
Wed Jan 22 10:45:55 CET 2025 INFO - io.jmix.flowui.devserver.frontend.NodeTasks: Executing task: TaskGenerateIndexTs
Wed Jan 22 10:45:55 CET 2025 INFO - io.jmix.flowui.devserver.frontend.NodeTasks: Executing task: TaskGenerateReactFiles
Wed Jan 22 10:45:55 CET 2025 INFO - io.jmix.flowui.devserver.frontend.NodeTasks: Executing task: TaskUpdateOldIndexTs
Wed Jan 22 10:45:55 CET 2025 INFO - io.jmix.flowui.devserver.frontend.NodeTasks: Executing task: TaskGenerateViteDevMode
Wed Jan 22 10:45:55 CET 2025 INFO - io.jmix.flowui.devserver.frontend.NodeTasks: Executing task: TaskGenerateTsConfig
Wed Jan 22 10:45:55 CET 2025 INFO - io.jmix.flowui.devserver.frontend.NodeTasks: Executing task: TaskGenerateTsDefinitions
Wed Jan 22 10:45:55 CET 2025 INFO - io.jmix.flowui.devserver.frontend.NodeTasks: Executing task: TaskGenerateServiceWorker
Wed Jan 22 10:45:55 CET 2025 INFO - io.jmix.flowui.devserver.frontend.NodeTasks: Executing task: TaskGenerateBootstrap
Wed Jan 22 10:45:55 CET 2025 INFO - io.jmix.flowui.devserver.frontend.NodeTasks: Executing task: TaskGenerateFeatureFlags
Wed Jan 22 10:45:55 CET 2025 INFO - io.jmix.flowui.devserver.frontend.NodeTasks: Executing task: TaskInstallFrontendBuildPlugins
Wed Jan 22 10:45:55 CET 2025 INFO - io.jmix.flowui.devserver.frontend.NodeTasks: Executing task: TaskUpdatePackages
Wed Jan 22 10:45:55 CET 2025 INFO - io.jmix.flowui.devserver.frontend.NodeTasks: Executing task: TaskRunNpmInstall
Wed Jan 22 10:45:55 CET 2025 INFO - io.jmix.flowui.devserver.frontend.TaskUpdatePackages: Skipping `pnpm install install` because the frontend packages are already installed in the folder 'C:\Users\utente\IdeaProjects\jmixprogettostudio\.jmix\screen-designer\node_modules' and the hash in the file 'C:\Users\utente\IdeaProjects\jmixprogettostudio\.jmix\screen-designer\node_modules\.vaadin\vaadin.json' is the same as in 'package.json'
Wed Jan 22 10:45:55 CET 2025 INFO - io.jmix.flowui.devserver.frontend.NodeTasks: Executing task: TaskCopyFrontendFiles
Wed Jan 22 10:45:55 CET 2025 INFO - io.jmix.flowui.devserver.frontend.TaskCopyFrontendFiles: Copying frontend resources from jar files ...
Wed Jan 22 10:45:55 CET 2025 INFO - com.vaadin.flow.server.startup.ServletDeployer: Skipping automatic servlet registration because there is already a Vaadin servlet with the name io.jmix.flowui.devserver.servlet.JmixVaadinServlet
Wed Jan 22 10:45:55 CET 2025 INFO - com.vaadin.flow.server.startup.ServletDeployer: Skipping automatic servlet registration because there is already a Vaadin servlet with the name io.jmix.flowui.devserver.servlet.JmixVaadinServlet
Wed Jan 22 10:45:55 CET 2025 WARN - com.vaadin.flow.server.communication.JSR356WebsocketInitializer: Atmosphere already initialized
Wed Jan 22 10:45:55 CET 2025 INFO - io.jmix.flowui.devserver.frontend.TaskCopyFrontendFiles: Visited 2 resources. Took 233 ms.
Wed Jan 22 10:45:55 CET 2025 INFO - io.jmix.flowui.devserver.frontend.NodeTasks: Executing task: TaskCopyLocalFrontendFiles
Wed Jan 22 10:45:55 CET 2025 INFO - io.jmix.flowui.devserver.frontend.TaskCopyLocalFrontendFiles: Found no local frontend resources for the project
Wed Jan 22 10:45:55 CET 2025 INFO - io.jmix.flowui.devserver.frontend.NodeTasks: Executing task: TaskUpdateSettingsFile
Wed Jan 22 10:45:55 CET 2025 INFO - io.jmix.flowui.devserver.frontend.NodeTasks: Executing task: TaskUpdateVite
Wed Jan 22 10:45:55 CET 2025 INFO - io.jmix.flowui.devserver.frontend.NodeTasks: Executing task: TaskUpdateImports
Wed Jan 22 10:45:56 CET 2025 INFO - io.jmix.flowui.devserver.frontend.NodeTasks: Executing task: TaskUpdateThemeImport
Wed Jan 22 10:45:56 CET 2025 INFO - io.jmix.flowui.devserver.startup.DevModeStartupListener: Waiting for a VaadinServlet to be deployed
Wed Jan 22 10:45:59 CET 2025 INFO - com.vaadin.flow.server.DefaultDeploymentConfiguration: 
Vaadin is running in DEVELOPMENT mode - do not use for production deployments.
Wed Jan 22 10:45:59 CET 2025 INFO - io.jmix.flowui.devserver.AbstractDevServerRunner: Starting Vite
Wed Jan 22 10:45:59 CET 2025 INFO - io.jmix.flowui.devserver.frontend.FrontendTools: Using node 20.15.1 located at C:\Program Files\nodejs\node.exe
Wed Jan 22 10:46:01 CET 2025 INFO - io.jmix.flowui.devserver.frontend.FrontendTools: Using npm 10.7.0 located at C:\Program Files\nodejs\npm.cmd
Wed Jan 22 10:46:01 CET 2025 INFO - io.jmix.flowui.devserver.ViteHandler: Starting Vite using: C:\Program Files\nodejs\node.exe C:\Users\utente\IdeaProjects\jmixprogettostudio\.jmix\screen-designer\node_modules\vite\bin\vite.js --config C:\Users\utente\IdeaProjects\jmixprogettostudio\.jmix\screen-designer\vite.config.ts --port 49171 --base /VAADIN/

------------------ Starting Frontend compilation. ------------------

C:\Program Files\nodejs\node.exe \ 
    .\node_modules\vite\bin\vite.js --config \ 
    .\vite.config.ts --port 49171 --base /VAADIN/ 
Wed Jan 22 10:46:01 CET 2025 INFO - io.jmix.flowui.devserver.AbstractDevServerRunner: Running Vite to compile frontend resources. This may take a moment, please stand by...
Wed Jan 22 10:46:27 CET 2025 INFO - io.jmix.flowui.devserver.DevServerOutputTracker: 
Wed Jan 22 10:46:27 CET 2025 INFO - io.jmix.flowui.devserver.DevServerOutputTracker:   VITE v5.4.8  ready in 26079 ms

----------------- Frontend compiled successfully. -----------------

Wed Jan 22 10:46:27 CET 2025 INFO - io.jmix.flowui.devserver.DevServerOutputTracker: 
Wed Jan 22 10:46:27 CET 2025 INFO - io.jmix.flowui.devserver.AbstractDevServerRunner: Started Vite. Time: 28320 ms
Wed Jan 22 10:46:27 CET 2025 INFO - io.jmix.flowui.devserver.DevServerOutputTracker:   ➜  Local:   http://127.0.0.1:49171/VAADIN/
Wed Jan 22 10:46:32 CET 2025 INFO - io.jmix.flowui.devserver.DevServerOutputTracker: 
Wed Jan 22 10:46:32 CET 2025 INFO - io.jmix.flowui.devserver.DevServerOutputTracker: [TypeScript] Found 0 errors. Watching for file changes.
